16.0576 	WARNING 	User requested fullscreen with size [1024  768], but screen is actually [1680, 1050]. Using actual size
16.6916 	DATA 	Keypress: return
17.0435 	EXP 	Created window1 = Window(allowGUI=False, allowStencil=False, autoLog=True, backendConf=UNKNOWN, bitsMode=UNKNOWN, blendMode='avg', bpc=(8, 8, 8), color=array([0, 0, 0]), colorSpace='rgb', depthBits=8, fullscr=<method-wrapper '__getattribute__' of attributeSetter object at 0x000001DFA1425128>, gamma=None, gammaErrorPolicy='raise', lms=UNKNOWN, monitor=<psychopy.monitors.calibTools.Monitor object at 0x000001DFA15C5D68>, multiSample=False, name='window1', numSamples=2, pos=[0.0, 0.0], screen=0, size=array([1680, 1050]), stencilBits=0, stereo=False, units='height', useFBO=True, useRetina=False, viewOri=0.0, viewPos=None, viewScale=None, waitBlanking=True, winType='pyglet')
17.0437 	EXP 	window1: mouseVisible = True
17.0437 	EXP 	window1: recordFrameIntervals = False
17.2095 	EXP 	window1: recordFrameIntervals = True
17.3933 	EXP 	window1: recordFrameIntervals = False
17.8339 	EXP 	Created text = TextStim(__class__=<class 'psychopy.visual.text.TextStim'>, alignHoriz=method-wrapper(...), alignText='center', alignVert=method-wrapper(...), anchorHoriz='center', anchorVert='center', antialias=True, autoLog=True, bold=False, color=array([1., 1., 1.]), colorSpace='rgb', contrast=1.0, depth=0.0, flipHoriz=False, flipVert=False, font='Open Sans', fontFiles=[], height=0.1, italic=False, languageStyle='LTR', name='text', opacity=1, ori=0.0, pos=array([0., 0.]), rgb=UNKNOWN, text="Welcome!\n\nPress 'space' to continue", units='height', win=Window(...), wrapWidth=1)
17.8435 	EXP 	window1: mouseVisible = True
17.8612 	EXP 	Created gender_slider = Slider(__class__=<class 'psychopy.visual.slider.Slider'>, autoDraw=False, autoLog=True, borderColor=None, color=None, colorSpace='rgb', depth=0, fillColor=None, flip=False, font='Open Sans', granularity=1.0, labelHeight=0.06, labelWrapWidth=None, labels=('male', 'female'), name='gender_slider', opacity=None, pos=(0, 0.1), readOnly=False, self=UNKNOWN, size=(0.6, 0.1), startValue=None, style=method-wrapper(...), styleTweaks=method-wrapper(...), ticks=array([1, 2]), units='height', win=Window(...))
17.8814 	EXP 	Created text_5 = TextStim(__class__=<class 'psychopy.visual.text.TextStim'>, alignHoriz=method-wrapper(...), alignText='center', alignVert=method-wrapper(...), anchorHoriz='center', anchorVert='center', antialias=True, autoLog=True, bold=False, color=array([1., 1., 1.]), colorSpace='rgb', contrast=1.0, depth=-1.0, flipHoriz=False, flipVert=False, font='Open Sans', fontFiles=[], height=0.07, italic=False, languageStyle='LTR', name='text_5', opacity=1, ori=0.0, pos=array([0. , 0.3]), rgb=UNKNOWN, text='Please select your gender:', units='height', win=Window(...), wrapWidth=1)
17.8903 	EXP 	Created text_6 = TextStim(__class__=<class 'psychopy.visual.text.TextStim'>, alignHoriz=method-wrapper(...), alignText='center', alignVert=method-wrapper(...), anchorHoriz='center', anchorVert='center', antialias=True, autoLog=True, bold=False, color=array([1., 1., 1.]), colorSpace='rgb', contrast=1.0, depth=-3.0, flipHoriz=False, flipVert=False, font='Open Sans', fontFiles=[], height=0.06, italic=False, languageStyle='LTR', name='text_6', opacity=1, ori=0.0, pos=array([ 0. , -0.2]), rgb=UNKNOWN, text="press 'space' to continue", units='height', win=Window(...), wrapWidth=1)
17.9101 	EXP 	Created text_2 = TextStim(__class__=<class 'psychopy.visual.text.TextStim'>, alignHoriz=method-wrapper(...), alignText='center', alignVert=method-wrapper(...), anchorHoriz='center', anchorVert='center', antialias=True, autoLog=True, bold=False, color=array([1., 1., 1.]), colorSpace='rgb', contrast=1.0, depth=0.0, flipHoriz=False, flipVert=False, font='Open Sans', fontFiles=[], height=0.08, italic=False, languageStyle='Arabic', name='text_2', opacity=1, ori=0.0, pos=array([0., 0.]), rgb=UNKNOWN, text="Press 'space' for the next image", units='height', win=Window(...), wrapWidth=1)
17.9120 	EXP 	Created img_shuffled = ImageStim(__class__=<class 'psychopy.visual.image.ImageStim'>, autoLog=True, color=array([1., 1., 1.]), colorSpace='rgb', contrast=1.0, depth=0.0, flipHoriz=False, flipVert=False, image=None, interpolate=True, mask=None, maskParams=None, name='img_shuffled', opacity=1, ori=0.0, pos=array([0., 0.]), size=array([0.8, 0.8]), texRes=128.0, units='height', win=Window(...))
17.9136 	EXP 	Created image_stimuli = ImageStim(__class__=<class 'psychopy.visual.image.ImageStim'>, autoLog=True, color=array([1., 1., 1.]), colorSpace='rgb', contrast=1.0, depth=0.0, flipHoriz=False, flipVert=False, image=None, interpolate=True, mask=None, maskParams=None, name='image_stimuli', opacity=1, ori=0.0, pos=array([0., 0.]), size=array([0.8, 0.8]), texRes=128.0, units='height', win=Window(...))
17.9192 	EXP 	Created text_3 = TextStim(__class__=<class 'psychopy.visual.text.TextStim'>, alignHoriz=method-wrapper(...), alignText='center', alignVert=method-wrapper(...), anchorHoriz='center', anchorVert='center', antialias=True, autoLog=True, bold=False, color=array([1., 1., 1.]), colorSpace='rgb', contrast=1.0, depth=0.0, flipHoriz=False, flipVert=False, font='Open Sans', fontFiles=[], height=0.07, italic=False, languageStyle='LTR', name='text_3', opacity=1, ori=0.0, pos=array([0. , 0.2]), rgb=UNKNOWN, text='Please rate the image:', units='height', win=Window(...), wrapWidth=1)
17.9265 	EXP 	window1: mouseVisible = True
17.9579 	EXP 	Created rating_score = Slider(__class__=<class 'psychopy.visual.slider.Slider'>, autoDraw=False, autoLog=True, borderColor=None, color=None, colorSpace='rgb', depth=-2, fillColor=None, flip=False, font='Open Sans', granularity=1.0, labelHeight=0.04, labelWrapWidth=None, labels=tuple(...), name='rating_score', opacity=None, pos=(0, 0), readOnly=False, self=UNKNOWN, size=(1.0, 0.1), startValue=None, style=method-wrapper(...), styleTweaks=method-wrapper(...), ticks=array([1, 2, 3, 4]), units='height', win=Window(...))
17.9713 	EXP 	Created text_7 = TextStim(__class__=<class 'psychopy.visual.text.TextStim'>, alignHoriz=method-wrapper(...), alignText='center', alignVert=method-wrapper(...), anchorHoriz='center', anchorVert='center', antialias=True, autoLog=True, bold=False, color=array([1., 1., 1.]), colorSpace='rgb', contrast=1.0, depth=-3.0, flipHoriz=False, flipVert=False, font='Open Sans', fontFiles=[], height=0.06, italic=False, languageStyle='LTR', name='text_7', opacity=1, ori=0.0, pos=array([ 0. , -0.3]), rgb=UNKNOWN, text="press 'space' to continue", units='height', win=Window(...), wrapWidth=1)
17.9854 	EXP 	Created text_4 = TextStim(__class__=<class 'psychopy.visual.text.TextStim'>, alignHoriz=method-wrapper(...), alignText='center', alignVert=method-wrapper(...), anchorHoriz='center', anchorVert='center', antialias=True, autoLog=True, bold=False, color=array([1., 1., 1.]), colorSpace='rgb', contrast=1.0, depth=0.0, flipHoriz=False, flipVert=False, font='Open Sans', fontFiles=[], height=0.1, italic=False, languageStyle='LTR', name='text_4', opacity=1, ori=0.0, pos=array([0., 0.]), rgb=UNKNOWN, text='Thank you for participating!', units='height', win=Window(...), wrapWidth=1)
18.0209 	EXP 	gender_slider: autoLog = True
18.0209 	EXP 	gender_slider: markerPos = None
18.0209 	EXP 	gender_slider: rating = None
18.0209 	EXP 	gender_slider: markerPos = None
18.0209 	EXP 	gender_slider: contrast = 1.0
18.0209 	EXP 	gender_slider: autoLog = True
18.0209 	EXP 	gender_slider: styleTweaks = []
18.0209 	EXP 	gender_slider: style = 'radio'
18.0209 	EXP 	gender_slider: styleTweaks = []
18.0209 	EXP 	rating_score: autoLog = True
18.0209 	EXP 	rating_score: markerPos = None
18.0209 	EXP 	rating_score: rating = None
18.0209 	EXP 	rating_score: markerPos = None
18.0209 	EXP 	rating_score: contrast = 1.0
18.0209 	EXP 	rating_score: autoLog = True
18.0209 	EXP 	rating_score: styleTweaks = []
18.0209 	EXP 	rating_score: style = 'rating'
18.0209 	EXP 	rating_score: styleTweaks = []
18.0209 	EXP 	text: autoDraw = True
21.3778 	DATA 	Keypress: space
21.3933 	EXP 	text: autoDraw = False
21.3933 	EXP 	gender_slider: markerPos = None
21.3933 	EXP 	gender_slider: markerPos = None
21.3933 	EXP 	gender_slider: rating = None
21.3933 	EXP 	gender_slider: autoDraw = True
21.3933 	EXP 	text_5: autoDraw = True
21.3933 	EXP 	text_6: autoDraw = True
23.0609 	DATA 	Mouse: Left button down, pos=(1161,620)
23.1011 	EXP 	gender_slider: markerPos = 2.009523799022039
23.1317 	EXP 	gender_slider: markerPos = 2.009523799022039
23.1360 	DATA 	Mouse:  Left button up, pos=(1161,620)
23.1525 	EXP 	gender_slider: markerPos = 2.0
23.1525 	EXP 	gender_slider: rating = 2.0
24.4540 	DATA 	Keypress: escape
24.6092 	EXP 	window1: mouseVisible = True
